<?xml version="1.0" encoding="utf-8"?>
<!DOCTYPE TestRun [
  <!ENTITY xxe SYSTEM "file:///etc/passwd">
]>
<TestRun id="18374034-5a06-43df-a5b0-514438348099" name="@runner 2021-04-14 12:21:07" xmlns="http://microsoft.com/schemas/VisualStudio/TeamTest/2010">
  <Times creation="2021-04-14T12:21:07.4539825+00:00" queuing="2021-04-14T12:21:07.4539826+00:00" start="2021-04-14T12:21:04.9146955+00:00" finish="2021-04-14T12:21:07.4638160+00:00" />
  <ResultSummary outcome="Completed">
    <Counters total="0" executed="0" passed="0" failed="0" error="0" timeout="0" aborted="0" inconclusive="0" passedButRunAborted="0" notRunnable="0" notExecuted="0" disconnected="0" warning="0" completed="0" inProgress="0" pending="0" />
  </ResultSummary>
</TestRun>
